Build started 29/07/2014 15:41:07.
     1>Project "C:\Users\jack-work\Desktop\Coding-For-Students-Blog\Coding For Students Blog\Coding For Students Blog.vcxproj" on node 2 (Build target(s)).
     1>ClCompile:
         C:\Program Files (x86)\Microsoft Visual Studio 11.0\VC\bin\CL.exe /c /ZI /nologo /W3 /WX- /sdl /Od /Oy- /D _MBCS /Gm /EHsc /RTC1 /MDd /GS /fp:precise /Zc:wchar_t /Zc:forScope /Fo"Debug\\" /Fd"Debug\vc110.pdb" /Gd /TP /analyze- /errorReport:prompt "Control Structures\Guessing Game.cpp" "Control Structures\If and Else.cpp" "Control Structures\Switch Statements.cpp" "Control Structures\While Loop.cpp" "Control Structures\While.cpp" "Hello World\Hello World.cpp"
         Hello World.cpp
         While.cpp
         While Loop.cpp
         Switch Statements.cpp
         If and Else.cpp
         Guessing Game.cpp
     1>c:\users\jack-work\desktop\coding-for-students-blog\coding for students blog\control structures\guessing game.cpp(24): warning C4244: 'argument' : conversion from 'time_t' to 'unsigned int', possible loss of data
         Generating Code...
       Link:
         C:\Program Files (x86)\Microsoft Visual Studio 11.0\VC\bin\link.exe /ERRORREPORT:PROMPT /OUT:"C:\Users\jack-work\Desktop\Coding-For-Students-Blog\Coding For Students Blog\Debug\Coding For Students Blog.exe" /INCREMENTAL /NOLOGO kernel32.lib user32.lib gdi32.lib winspool.lib comdlg32.lib advapi32.lib shell32.lib ole32.lib oleaut32.lib uuid.lib odbc32.lib odbccp32.lib /MANIFEST /MANIFESTUAC:"level='asInvoker' uiAccess='false'" /manifest:embed /DEBUG /PDB:"C:\Users\jack-work\Desktop\Coding-For-Students-Blog\Coding For Students Blog\Debug\Coding For Students Blog.pdb" /TLBID:1 /DYNAMICBASE /NXCOMPAT /IMPLIB:"C:\Users\jack-work\Desktop\Coding-For-Students-Blog\Coding For Students Blog\Debug\Coding For Students Blog.lib" /MACHINE:X86 "Debug\Guessing Game.obj"
         "Debug\If and Else.obj"
         "Debug\Switch Statements.obj"
         "Debug\While Loop.obj"
         Debug\While.obj
         "Debug\Hello World.obj"
     1>If and Else.obj : error LNK2005: _main already defined in Guessing Game.obj
     1>Switch Statements.obj : error LNK2005: _main already defined in Guessing Game.obj
     1>While Loop.obj : error LNK2005: _main already defined in Guessing Game.obj
     1>While.obj : error LNK2005: _main already defined in Guessing Game.obj
     1>Hello World.obj : error LNK2005: _main already defined in Guessing Game.obj
     1>C:\Users\jack-work\Desktop\Coding-For-Students-Blog\Coding For Students Blog\Debug\Coding For Students Blog.exe : fatal error LNK1169: one or more multiply defined symbols found
     1>Done Building Project "C:\Users\jack-work\Desktop\Coding-For-Students-Blog\Coding For Students Blog\Coding For Students Blog.vcxproj" (Build target(s)) -- FAILED.

Build FAILED.

Time Elapsed 00:00:02.62
